E, [2018-03-30T11:46:07.939483 #96842] ERROR -- Kitchen: ------Exception-------
E, [2018-03-30T11:46:07.939640 #96842] ERROR -- Kitchen: Class: Kitchen::UserError
E, [2018-03-30T11:46:07.939676 #96842] ERROR -- Kitchen: Message: Kitchen YAML file /Users/anilpratti/chef-repo/.kitchen.yml does not exist.
E, [2018-03-30T11:46:07.939708 #96842] ERROR -- Kitchen: ----------------------
E, [2018-03-30T11:46:07.939738 #96842] ERROR -- Kitchen: ------Backtrace-------
E, [2018-03-30T11:46:07.939767 #96842] ERROR -- Kitchen: /opt/chefdk/embedded/lib/ruby/gems/2.4.0/gems/test-kitchen-1.20.0/lib/kitchen/loader/yaml.rb:65:in `read'
E, [2018-03-30T11:46:07.939797 #96842] ERROR -- Kitchen: /opt/chefdk/embedded/lib/ruby/gems/2.4.0/gems/test-kitchen-1.20.0/lib/kitchen/config.rb:152:in `data'
E, [2018-03-30T11:46:07.939827 #96842] ERROR -- Kitchen: /opt/chefdk/embedded/lib/ruby/gems/2.4.0/gems/test-kitchen-1.20.0/lib/kitchen/config.rb:131:in `suites'
E, [2018-03-30T11:46:07.939856 #96842] ERROR -- Kitchen: /opt/chefdk/embedded/lib/ruby/gems/2.4.0/gems/test-kitchen-1.20.0/lib/kitchen/config.rb:182:in `filter_instances'
E, [2018-03-30T11:46:07.939886 #96842] ERROR -- Kitchen: /opt/chefdk/embedded/lib/ruby/gems/2.4.0/gems/test-kitchen-1.20.0/lib/kitchen/config.rb:141:in `build_instances'
E, [2018-03-30T11:46:07.939916 #96842] ERROR -- Kitchen: /opt/chefdk/embedded/lib/ruby/gems/2.4.0/gems/test-kitchen-1.20.0/lib/kitchen/config.rb:117:in `instances'
E, [2018-03-30T11:46:07.939946 #96842] ERROR -- Kitchen: /opt/chefdk/embedded/lib/ruby/gems/2.4.0/gems/test-kitchen-1.20.0/lib/kitchen/command.rb:112:in `filtered_instances'
E, [2018-03-30T11:46:07.939976 #96842] ERROR -- Kitchen: /opt/chefdk/embedded/lib/ruby/gems/2.4.0/gems/test-kitchen-1.20.0/lib/kitchen/command.rb:142:in `parse_subcommand'
E, [2018-03-30T11:46:07.940005 #96842] ERROR -- Kitchen: /opt/chefdk/embedded/lib/ruby/gems/2.4.0/gems/test-kitchen-1.20.0/lib/kitchen/command/list.rb:30:in `call'
E, [2018-03-30T11:46:07.940055 #96842] ERROR -- Kitchen: /opt/chefdk/embedded/lib/ruby/gems/2.4.0/gems/test-kitchen-1.20.0/lib/kitchen/cli.rb:52:in `perform'
E, [2018-03-30T11:46:07.940086 #96842] ERROR -- Kitchen: /opt/chefdk/embedded/lib/ruby/gems/2.4.0/gems/test-kitchen-1.20.0/lib/kitchen/cli.rb:120:in `list'
E, [2018-03-30T11:46:07.940115 #96842] ERROR -- Kitchen: /opt/chefdk/embedded/lib/ruby/gems/2.4.0/gems/thor-0.19.1/lib/thor/command.rb:27:in `run'
E, [2018-03-30T11:46:07.940145 #96842] ERROR -- Kitchen: /opt/chefdk/embedded/lib/ruby/gems/2.4.0/gems/thor-0.19.1/lib/thor/invocation.rb:126:in `invoke_command'
E, [2018-03-30T11:46:07.940175 #96842] ERROR -- Kitchen: /opt/chefdk/embedded/lib/ruby/gems/2.4.0/gems/thor-0.19.1/lib/thor.rb:359:in `dispatch'
E, [2018-03-30T11:46:07.940205 #96842] ERROR -- Kitchen: /opt/chefdk/embedded/lib/ruby/gems/2.4.0/gems/thor-0.19.1/lib/thor/base.rb:440:in `start'
E, [2018-03-30T11:46:07.940234 #96842] ERROR -- Kitchen: /opt/chefdk/embedded/lib/ruby/gems/2.4.0/gems/test-kitchen-1.20.0/bin/kitchen:13:in `block in <top (required)>'
E, [2018-03-30T11:46:07.940264 #96842] ERROR -- Kitchen: /opt/chefdk/embedded/lib/ruby/gems/2.4.0/gems/test-kitchen-1.20.0/lib/kitchen/errors.rb:171:in `with_friendly_errors'
E, [2018-03-30T11:46:07.940294 #96842] ERROR -- Kitchen: /opt/chefdk/embedded/lib/ruby/gems/2.4.0/gems/test-kitchen-1.20.0/bin/kitchen:13:in `<top (required)>'
E, [2018-03-30T11:46:07.940324 #96842] ERROR -- Kitchen: /usr/local/bin/kitchen:250:in `load'
E, [2018-03-30T11:46:07.940353 #96842] ERROR -- Kitchen: /usr/local/bin/kitchen:250:in `<main>'
E, [2018-03-30T11:46:07.940382 #96842] ERROR -- Kitchen: ----End Backtrace-----
